
======================================================================
[SHAPE] CoTrackerThreeOffline.forward()
  video: (1, 50, 3, 384, 512)
  queries: (1, 100, 3)
  stride=4, iters=6, corr_levels=4, corr_radius=3
  latent_dim=128, input_dim=1110
  num_virtual_tracks=64
  model_resolution=(384, 512)
  H4=96, W4=128 (feature map resolution)
  fmaps (after fnet, raw): (50, 128, 96, 128)
  fmaps (after L2 norm + reshape): (1, 50, 128, 96, 128)  = (B, T, latent_dim=128, H4=96, W4=128)

  Feature pyramid (4 levels):
    level 0: (1, 50, 128, 96, 128)
    level 1: (1, 50, 128, 48, 64)
    level 2: (1, 50, 128, 24, 32)
    level 3: (1, 50, 128, 12, 16)

  Track features (per pyramid level):
    level 0: track_feat=(1, 50, 100, 128), support=(1, 1, 49, 100, 128)
    level 1: track_feat=(1, 50, 100, 128), support=(1, 1, 49, 100, 128)
    level 2: track_feat=(1, 50, 100, 128), support=(1, 1, 49, 100, 128)
    level 3: track_feat=(1, 50, 100, 128), support=(1, 1, 49, 100, 128)

  Initial state:
    coords: (1, 50, 100, 2)  = (B, T, N, 2)
    vis: (1, 50, 100)  = (B, T, N)
    r (support radius): 7  -> corr_volume per level: (7*7*7*7) = 2401

  --- iter 0/6 (first iter, full detail) ---
  Correlation computation (level 0 shown):
    corr_feat: (1, 50, 100, 7, 7, 128)  = (B, T, N, 7, 7, latent_dim)
    track_feat_support: (1, 100, 7, 7, 128)  = (B, N, 7, 7, latent_dim)
    corr_volume: (1, 50, 100, 7, 7, 7, 7)  = (B, T, N, 7, 7, 7, 7)
    corr_volume reshape: (5000, 2401) -> corr_mlp -> corr_emb: (5000, 256)
    corr_embs (all levels cat): (1, 50, 100, 1024)  = (B, T, N, 1024=4x256)
    rel_pos_emb: (1, 50, 100, 84)  = posenc(4d_rel_coords, deg0~10) -> 4+4*2*10=84

  Token construction (the 1110-dim breakdown):
    vis:           1
    confidence:    1
    corr_embs:     1024  (4 levels x 256)
    rel_pos_emb:   84  (posenc of 4d rel coords)
    total:         1110  = input_dim
  x (before time_emb): (100, 50, 1110)  = (B*N=100, T=50, input_dim)
  x (after +time_emb): (1, 100, 50, 1110)  = (B, N, T, input_dim)

  >>> updateformer input: (1, 100, 50, 1110)
  <<< updateformer output (delta): (1, 100, 50, 4)  = (B, N, T, output_dim=4)
  delta_coords: (1, 50, 100, 2)  = (B, T, N, 2)
  delta_vis: (1, 50, 100)  = (B, T, N)
  delta_confidence: (1, 50, 100)  = (B, T, N)
  updated coords (in pixels): (1, 50, 100, 2)

  --- iter 1/6 (same shapes, skipped) ---

  --- iter 2/6 (same shapes, skipped) ---

  --- iter 3/6 (same shapes, skipped) ---

  --- iter 4/6 (same shapes, skipped) ---

  --- iter 5/6 (same shapes, skipped) ---

  Final output:
    coords: (1, 50, 100, 2)  = (B, T, N, 2)
    vis: (1, 50, 100)  = (B, T, N)
    confidence: (1, 50, 100)  = (B, T, N)
