
  [EfficientUpdateFormer]
    input_tensor: (1, 100, 50, 1110)  = (B, N, T, input_dim)
    after input_transform: (1, 100, 50, 384)  = (B, N, T, hidden=384)
    + virtual_tracks(64): (1, 164, 50, 384)  = (B, N+K=164, T, hidden)

    --- Transformer block 0 (full detail) ---
    time_attn input: (164, 50, 384)  = (B*(N+K)=164, T=50, hidden)
    time_attn output: (1, 164, 50, 384)  = (B, N+K, T, hidden)

    space_attn (via virtual tokens):
      space_tokens: (50, 164, 384)  = (B*T=50, N+K=164, hidden)
      point_tokens: (50, 100, 384)  = (B*T, N_real=100, hidden)
      virtual_tokens: (50, 64, 384)  = (B*T, K=64, hidden)
      flow: virtual <- cross_attn(point) -> self_attn -> point <- cross_attn(virtual)
    (blocks 1~2: same shapes, interleaved time+space)

    after removing virtual: (1, 100, 50, 384)  = (B, N_real, T, hidden)
    flow_head output: (1, 100, 50, 4)  = (B, N, T, output_dim=4)

  [EfficientUpdateFormer]
    input_tensor: (1, 100, 50, 1110)  = (B, N, T, input_dim)
    after input_transform: (1, 100, 50, 384)  = (B, N, T, hidden=384)
    + virtual_tracks(64): (1, 164, 50, 384)  = (B, N+K=164, T, hidden)

    --- Transformer block 0 (full detail) ---
    time_attn input: (164, 50, 384)  = (B*(N+K)=164, T=50, hidden)
    time_attn output: (1, 164, 50, 384)  = (B, N+K, T, hidden)

    space_attn (via virtual tokens):
      space_tokens: (50, 164, 384)  = (B*T=50, N+K=164, hidden)
      point_tokens: (50, 100, 384)  = (B*T, N_real=100, hidden)
      virtual_tokens: (50, 64, 384)  = (B*T, K=64, hidden)
      flow: virtual <- cross_attn(point) -> self_attn -> point <- cross_attn(virtual)
    (blocks 1~2: same shapes, interleaved time+space)

    after removing virtual: (1, 100, 50, 384)  = (B, N_real, T, hidden)
    flow_head output: (1, 100, 50, 4)  = (B, N, T, output_dim=4)

  [EfficientUpdateFormer]
    input_tensor: (1, 100, 50, 1110)  = (B, N, T, input_dim)
    after input_transform: (1, 100, 50, 384)  = (B, N, T, hidden=384)
    + virtual_tracks(64): (1, 164, 50, 384)  = (B, N+K=164, T, hidden)

    --- Transformer block 0 (full detail) ---
    time_attn input: (164, 50, 384)  = (B*(N+K)=164, T=50, hidden)
    time_attn output: (1, 164, 50, 384)  = (B, N+K, T, hidden)

    space_attn (via virtual tokens):
      space_tokens: (50, 164, 384)  = (B*T=50, N+K=164, hidden)
      point_tokens: (50, 100, 384)  = (B*T, N_real=100, hidden)
      virtual_tokens: (50, 64, 384)  = (B*T, K=64, hidden)
      flow: virtual <- cross_attn(point) -> self_attn -> point <- cross_attn(virtual)
    (blocks 1~2: same shapes, interleaved time+space)

    after removing virtual: (1, 100, 50, 384)  = (B, N_real, T, hidden)
    flow_head output: (1, 100, 50, 4)  = (B, N, T, output_dim=4)

  [EfficientUpdateFormer]
    input_tensor: (1, 100, 50, 1110)  = (B, N, T, input_dim)
    after input_transform: (1, 100, 50, 384)  = (B, N, T, hidden=384)
    + virtual_tracks(64): (1, 164, 50, 384)  = (B, N+K=164, T, hidden)

    --- Transformer block 0 (full detail) ---
    time_attn input: (164, 50, 384)  = (B*(N+K)=164, T=50, hidden)
    time_attn output: (1, 164, 50, 384)  = (B, N+K, T, hidden)

    space_attn (via virtual tokens):
      space_tokens: (50, 164, 384)  = (B*T=50, N+K=164, hidden)
      point_tokens: (50, 100, 384)  = (B*T, N_real=100, hidden)
      virtual_tokens: (50, 64, 384)  = (B*T, K=64, hidden)
      flow: virtual <- cross_attn(point) -> self_attn -> point <- cross_attn(virtual)
    (blocks 1~2: same shapes, interleaved time+space)

    after removing virtual: (1, 100, 50, 384)  = (B, N_real, T, hidden)
    flow_head output: (1, 100, 50, 4)  = (B, N, T, output_dim=4)

  [EfficientUpdateFormer]
    input_tensor: (1, 100, 50, 1110)  = (B, N, T, input_dim)
    after input_transform: (1, 100, 50, 384)  = (B, N, T, hidden=384)
    + virtual_tracks(64): (1, 164, 50, 384)  = (B, N+K=164, T, hidden)

    --- Transformer block 0 (full detail) ---
    time_attn input: (164, 50, 384)  = (B*(N+K)=164, T=50, hidden)
    time_attn output: (1, 164, 50, 384)  = (B, N+K, T, hidden)

    space_attn (via virtual tokens):
      space_tokens: (50, 164, 384)  = (B*T=50, N+K=164, hidden)
      point_tokens: (50, 100, 384)  = (B*T, N_real=100, hidden)
      virtual_tokens: (50, 64, 384)  = (B*T, K=64, hidden)
      flow: virtual <- cross_attn(point) -> self_attn -> point <- cross_attn(virtual)
    (blocks 1~2: same shapes, interleaved time+space)

    after removing virtual: (1, 100, 50, 384)  = (B, N_real, T, hidden)
    flow_head output: (1, 100, 50, 4)  = (B, N, T, output_dim=4)

  [EfficientUpdateFormer]
    input_tensor: (1, 100, 50, 1110)  = (B, N, T, input_dim)
    after input_transform: (1, 100, 50, 384)  = (B, N, T, hidden=384)
    + virtual_tracks(64): (1, 164, 50, 384)  = (B, N+K=164, T, hidden)

    --- Transformer block 0 (full detail) ---
    time_attn input: (164, 50, 384)  = (B*(N+K)=164, T=50, hidden)
    time_attn output: (1, 164, 50, 384)  = (B, N+K, T, hidden)

    space_attn (via virtual tokens):
      space_tokens: (50, 164, 384)  = (B*T=50, N+K=164, hidden)
      point_tokens: (50, 100, 384)  = (B*T, N_real=100, hidden)
      virtual_tokens: (50, 64, 384)  = (B*T, K=64, hidden)
      flow: virtual <- cross_attn(point) -> self_attn -> point <- cross_attn(virtual)
    (blocks 1~2: same shapes, interleaved time+space)

    after removing virtual: (1, 100, 50, 384)  = (B, N_real, T, hidden)
    flow_head output: (1, 100, 50, 4)  = (B, N, T, output_dim=4)
